#
# A fatal error has been detected by the Java Runtime Environment:
#
#  EXCEPTION_ACCESS_VIOLATION (0xc0000005) at pc=0xffffe4fe, pid=3872, tid=5088
#
# JRE version: 6.0_26-b03
# Java VM: Java HotSpot(TM) Client VM (20.1-b02 mixed mode windows-x86 )
# Problematic frame:
# C  0xffffe4fe
#
# If you would like to submit a bug report, please visit:
#   http://java.sun.com/webapps/bugreport/crash.jsp
# The crash happened outside the Java Virtual Machine in native code.
# See problematic frame for where to report the bug.
#

---------------  T H R E A D  ---------------

Current thread (0x0445b000):  JavaThread "AWT-Windows" daemon [_thread_in_native, id=5088, stack(0x04890000,0x048e0000)]

siginfo: ExceptionCode=0xc0000005, reading address 0xffffe4fe

Registers:
EAX=0x6d0c0066, EBX=0x00000001, ECX=0x044b0568, EDX=0x00000004
ESP=0x048df7dc, EBP=0x048df808, ESI=0x0445b128, EDI=0x044b0568
EIP=0xffffe4fe, EFLAGS=0x00010293

Top of Stack: (sp=0x048df7dc)
0x048df7dc:   6d09cb90 048df884 0000981a 00000000
0x048df7ec:   048df884 00000000 0445b128 048df7e0
0x048df7fc:   048df89c 6d0c04a8 00000001 048df834
0x048df80c:   7702c4e7 00520886 0000981a 044b0568
0x048df81c:   00000000 0000981a dcbaabcd 00000000
0x048df82c:   048df884 0000981a 048df8ac 7702c5e7
0x048df83c:   6d09c650 00520886 0000981a 044b0568
0x048df84c:   00000000 c8f8954b 048df944 048df93c 

Instructions: (pc=0xffffe4fe)
0xffffe4de:   
[error occurred during error reporting (printing registers, top of stack, instructions near pc), id 0xc0000005]

Register to memory mapping:

EAX=0x6d0c0066 is an unknown value
EBX=0x00000001 is an unknown value
ECX=0x044b0568 is an unknown value
EDX=0x00000004 is an unknown value
ESP=0x048df7dc is pointing into the stack for thread: 0x0445b000
EBP=0x048df808 is pointing into the stack for thread: 0x0445b000
ESI=0x0445b128 is an unknown value
EDI=0x044b0568 is an unknown value


Stack: [0x04890000,0x048e0000],  sp=0x048df7dc,  free space=317k
Native frames: (J=compiled Java code, j=interpreted, Vv=VM code, C=native code)
C  0xffffe4fe
C  [USER32.dll+0x1c4e7]  gapfnScSendMessage+0x1cf
C  [USER32.dll+0x1c5e7]  gapfnScSendMessage+0x2cf
C  [USER32.dll+0x1cc19]  gapfnScSendMessage+0x901
C  [USER32.dll+0x1cc70]  DispatchMessageW+0xf

Java frames: (J=compiled Java code, j=interpreted, Vv=VM code)
j  sun.awt.windows.WToolkit.eventLoop()V+0
j  sun.awt.windows.WToolkit.run()V+52
j  java.lang.Thread.run()V+11
v  ~StubRoutines::call_stub

---------------  P R O C E S S  ---------------

Java Threads: ( => current thread )
  0x043a9400 JavaThread "Thread-2" daemon [_thread_in_native, id=2132, stack(0x05300000,0x05350000)]
  0x01c1a800 JavaThread "Thread-6" [_thread_in_Java, id=1484, stack(0x05440000,0x05490000)]
  0x044ee000 JavaThread "TimerQueue" daemon [_thread_blocked, id=2968, stack(0x065d0000,0x06620000)]
  0x01d79800 JavaThread "DestroyJavaVM" [_thread_blocked, id=2312, stack(0x00380000,0x003d0000)]
  0x044d8c00 JavaThread "Timer-0" [_thread_blocked, id=5788, stack(0x05710000,0x05760000)]
  0x0448d000 JavaThread "AWT-EventQueue-0" [_thread_blocked, id=5832, stack(0x04b70000,0x04bc0000)]
  0x0447a000 JavaThread "AWT-Shutdown" [_thread_blocked, id=6056, stack(0x04690000,0x046e0000)]
=>0x0445b000 JavaThread "AWT-Windows" daemon [_thread_in_native, id=5088, stack(0x04890000,0x048e0000)]
  0x04459c00 JavaThread "Java2D Disposer" daemon [_thread_blocked, id=2600, stack(0x045f0000,0x04640000)]
  0x01cddc00 JavaThread "Thread-0" [_thread_in_native, id=2896, stack(0x045a0000,0x045f0000)]
  0x01ccf000 JavaThread "Low Memory Detector" daemon [_thread_blocked, id=5248, stack(0x04300000,0x04350000)]
  0x01ccec00 JavaThread "C1 CompilerThread0" daemon [_thread_blocked, id=5824, stack(0x042b0000,0x04300000)]
  0x01cb7000 JavaThread "JDWP Command Reader" daemon [_thread_in_native, id=4924, stack(0x04260000,0x042b0000)]
  0x01cb6000 JavaThread "JDWP Event Helper Thread" daemon [_thread_blocked, id=4204, stack(0x04210000,0x04260000)]
  0x01cb3c00 JavaThread "JDWP Transport Listener: dt_socket" daemon [_thread_blocked, id=4232, stack(0x041c0000,0x04210000)]
  0x01caa000 JavaThread "Attach Listener" daemon [_thread_blocked, id=4572, stack(0x03e70000,0x03ec0000)]
  0x01ca9400 JavaThread "Signal Dispatcher" daemon [_thread_blocked, id=3180, stack(0x03e20000,0x03e70000)]
  0x01c7a000 JavaThread "Finalizer" daemon [_thread_blocked, id=6024, stack(0x03dd0000,0x03e20000)]
  0x01c78800 JavaThread "Reference Handler" daemon [_thread_blocked, id=4476, stack(0x03d80000,0x03dd0000)]

Other Threads:
  0x01c74800 VMThread [stack: 0x01240000,0x01290000] [id=4880]
  0x01cd2c00 WatcherThread [stack: 0x04350000,0x043a0000] [id=3072]

VM state:not at safepoint (normal execution)

VM Mutex/Monitor currently owned by a thread: None

Heap
 def new generation   total 4928K, used 856K [0x0f010000, 0x0f560000, 0x14560000)
  eden space 4416K,   8% used [0x0f010000, 0x0f068648, 0x0f460000)
  from space 512K,  98% used [0x0f4e0000, 0x0f55dd90, 0x0f560000)
  to   space 512K,   0% used [0x0f460000, 0x0f460000, 0x0f4e0000)
 tenured generation   total 10944K, used 404K [0x14560000, 0x15010000, 0x1f010000)
   the space 10944K,   3% used [0x14560000, 0x145c5160, 0x145c5200, 0x15010000)
 compacting perm gen  total 12288K, used 7558K [0x1f010000, 0x1fc10000, 0x23010000)
   the space 12288K,  61% used [0x1f010000, 0x1f771b50, 0x1f771c00, 0x1fc10000)
No shared spaces configured.

Code Cache  [0x01d80000, 0x01e30000, 0x03d80000)
 total_blobs=357 nmethods=167 adapters=134 free_code_cache=32862848 largest_free_block=0

Dynamic libraries:
0x00400000 - 0x00424000 	C:\Program Files\Java\jre6\bin\javaw.exe
0x76ec0000 - 0x76ffc000 	C:\Windows\SYSTEM32\ntdll.dll
0x75840000 - 0x75914000 	C:\Windows\system32\kernel32.dll
0x751b0000 - 0x751fa000 	C:\Windows\system32\KERNELBASE.dll
0x76990000 - 0x76a30000 	C:\Windows\system32\ADVAPI32.dll
0x75490000 - 0x7553c000 	C:\Windows\system32\msvcrt.dll
0x75420000 - 0x75439000 	C:\Windows\SYSTEM32\sechost.dll
0x75c70000 - 0x75d11000 	C:\Windows\system32\RPCRT4.dll
0x77010000 - 0x770d9000 	C:\Windows\system32\USER32.dll
0x76b50000 - 0x76b9e000 	C:\Windows\system32\GDI32.dll
0x753e0000 - 0x753ea000 	C:\Windows\system32\LPK.dll
0x755d0000 - 0x7566d000 	C:\Windows\system32\USP10.dll
0x75d20000 - 0x75d3f000 	C:\Windows\system32\IMM32.DLL
0x75b60000 - 0x75c2c000 	C:\Windows\system32\MSCTF.dll
0x75010000 - 0x75046000 	C:\Windows\system32\nvinit.dll
0x0f000000 - 0x0f006000 	C:\Program Files\NVIDIA Corporation\CoProcManager\_etoured.dll
0x728a0000 - 0x728dd000 	C:\Program Files\NVIDIA Corporation\CoProcManager\nvd3d9wrap.dll
0x76d20000 - 0x76ebd000 	C:\Windows\system32\SETUPAPI.dll
0x75200000 - 0x75227000 	C:\Windows\system32\CFGMGR32.dll
0x75350000 - 0x753df000 	C:\Windows\system32\OLEAUT32.dll
0x75920000 - 0x75a7c000 	C:\Windows\system32\ole32.dll
0x75190000 - 0x751a2000 	C:\Windows\system32\DEVOBJ.dll
0x72860000 - 0x7289b000 	C:\Program Files\NVIDIA Corporation\CoProcManager\nvdxgiwrap.dll
0x7c340000 - 0x7c396000 	C:\Program Files\Java\jre6\bin\msvcr71.dll
0x6d7f0000 - 0x6da9f000 	C:\Program Files\Java\jre6\bin\client\jvm.dll
0x72fe0000 - 0x73012000 	C:\Windows\system32\WINMM.dll
0x74f40000 - 0x74f8c000 	C:\Windows\system32\apphelp.dll
0x6d7a0000 - 0x6d7ac000 	C:\Program Files\Java\jre6\bin\verify.dll
0x6d320000 - 0x6d33f000 	C:\Program Files\Java\jre6\bin\java.dll
0x77000000 - 0x77005000 	C:\Windows\system32\PSAPI.DLL
0x6d370000 - 0x6d39a000 	C:\Program Files\Java\jre6\bin\jdwp.dll
0x6d690000 - 0x6d696000 	C:\Program Files\Java\jre6\bin\npt.dll
0x6d7e0000 - 0x6d7ef000 	C:\Program Files\Java\jre6\bin\zip.dll
0x6d200000 - 0x6d207000 	C:\Program Files\Java\jre6\bin\dt_socket.dll
0x75c30000 - 0x75c65000 	C:\Windows\system32\WS2_32.dll
0x75830000 - 0x75836000 	C:\Windows\system32\NSI.dll
0x72f60000 - 0x72f70000 	C:\Windows\system32\NLAapi.dll
0x6a090000 - 0x6a0a0000 	C:\Windows\system32\napinsp.dll
0x6a070000 - 0x6a082000 	C:\Windows\system32\pnrpnsp.dll
0x74a40000 - 0x74a7c000 	C:\Windows\System32\mswsock.dll
0x74910000 - 0x74954000 	C:\Windows\system32\DNSAPI.dll
0x6a050000 - 0x6a058000 	C:\Windows\System32\winrnr.dll
0x69f80000 - 0x69f8d000 	C:\Windows\system32\wshbth.dll
0x71d60000 - 0x71d7c000 	C:\Windows\system32\IPHLPAPI.DLL
0x71d50000 - 0x71d57000 	C:\Windows\system32\WINNSI.DLL
0x71bf0000 - 0x71c28000 	C:\Windows\System32\fwpuclnt.dll
0x6af80000 - 0x6af86000 	C:\Windows\system32\rasadhlp.dll
0x744f0000 - 0x744f5000 	C:\Windows\System32\wshtcpip.dll
0x6d000000 - 0x6d14b000 	C:\Program Files\Java\jre6\bin\awt.dll
0x745a0000 - 0x745f1000 	C:\Windows\system32\WINSPOOL.DRV
0x73e90000 - 0x7402e000 	C:\Windows\WinSxS\x86_microsoft.windows.common-controls_6595b64144ccf1df_6.0.7601.17514_none_41e6975e2bd6f2b2\COMCTL32.dll
0x76ba0000 - 0x76bf7000 	C:\Windows\system32\SHLWAPI.dll
0x724e0000 - 0x72564000 	C:\Windows\WinSxS\x86_microsoft.windows.common-controls_6595b64144ccf1df_5.82.7601.17514_none_ec83dffa859149af\comctl32.dll
0x73810000 - 0x73823000 	C:\Windows\system32\DWMAPI.DLL
0x73c00000 - 0x73c40000 	C:\Windows\system32\uxtheme.dll
0x04970000 - 0x049fc000 	C:\Program Files\PremierOpinion\pmls.dll
0x73280000 - 0x732bc000 	C:\Windows\system32\OLEACC.dll
0x76c00000 - 0x76d1b000 	C:\Windows\system32\WININET.dll
0x770e0000 - 0x770e3000 	C:\Windows\system32\Normaliz.dll
0x75670000 - 0x75828000 	C:\Windows\system32\iertutil.dll
0x76a30000 - 0x76b41000 	C:\Windows\system32\urlmon.dll
0x74600000 - 0x74609000 	C:\Windows\system32\VERSION.dll
0x74510000 - 0x74531000 	C:\Windows\system32\ntmarta.dll
0x75440000 - 0x75485000 	C:\Windows\system32\WLDAP32.dll
0x748a0000 - 0x748da000 	C:\Windows\system32\Schannel.dll
0x74f20000 - 0x74f3b000 	C:\Windows\system32\SspiCli.dll
0x75230000 - 0x7534d000 	C:\Windows\system32\CRYPT32.dll
0x750c0000 - 0x750cc000 	C:\Windows\system32\MSASN1.dll
0x74f90000 - 0x74f9c000 	C:\Windows\system32\CRYPTBASE.dll
0x75d40000 - 0x7698a000 	C:\Windows\system32\shell32.dll
0x04020000 - 0x04045000 	C:\Users\An-chan\AppData\Local\Temp\bluecove_An-chan_0\intelbth.dll
0x64850000 - 0x648b9000 	C:\Windows\system32\irprops.cpl
0x72340000 - 0x72347000 	C:\Windows\system32\WSOCK32.dll
0x75160000 - 0x7518d000 	C:\Windows\system32\WINTRUST.dll
0x73400000 - 0x734b0000 	C:\Windows\system32\bthprops.cpl
0x6d230000 - 0x6d27f000 	C:\Program Files\Java\jre6\bin\fontmanager.dll
0x6d600000 - 0x6d613000 	C:\Program Files\Java\jre6\bin\net.dll
0x74c40000 - 0x74c46000 	C:\Windows\System32\wship6.dll
0x6d620000 - 0x6d629000 	C:\Program Files\Java\jre6\bin\nio.dll
0x75540000 - 0x755c3000 	C:\Windows\system32\CLBCatQ.DLL
0x06580000 - 0x065c6000 	E:\Data\soft\unikey40RC2-1101-win32\UKHook40.dll
0x05760000 - 0x05768000 	C:\Program Files\Internet Download Manager\idmmkb.dll
0x74a80000 - 0x74a96000 	C:\Windows\system32\CRYPTSP.dll
0x74830000 - 0x7486b000 	C:\Windows\system32\rsaenh.dll
0x75000000 - 0x7500e000 	C:\Windows\system32\RpcRtRemote.dll

VM Arguments:
jvm_args: -agentlib:jdwp=transport=dt_socket,suspend=y,address=localhost:59513 -Dfile.encoding=Cp1252 
java_command: net.learn2develop.bluetooth.RemoteBluetoothServer
Launcher Type: SUN_STANDARD

Environment Variables:
PATH=C:/Program Files/Java/jre7/bin/client;C:/Program Files/Java/jre7/bin;C:\Program Files\NVIDIA Corporation\PhysX\Common;C:\Windows\system32;C:\Windows;C:\Windows\System32\Wbem;C:\Windows\System32\WindowsPowerShell\v1.0\;F:\Matlab\runtime\win32;F:\Matlab\bin
USERNAME=An-chan
OS=Windows_NT
PROCESSOR_IDENTIFIER=x86 Family 6 Model 42 Stepping 7, GenuineIntel



---------------  S Y S T E M  ---------------

OS: Windows 7 Build 7601 Service Pack 1

CPU:total 4 (2 cores per cpu, 2 threads per core) family 6 model 42 stepping 7, cmov, cx8, fxsr, mmx, sse, sse2, sse3, ssse3, sse4.1, sse4.2, popcnt, ht

Memory: 4k page, physical 3314860k(1131772k free), swap 6627964k(4358984k free)

vm_info: Java HotSpot(TM) Client VM (20.1-b02) for windows-x86 JRE (1.6.0_26-b03), built on May  4 2011 00:50:59 by "java_re" with MS VC++ 7.1 (VS2003)

time: Sat Dec 24 13:02:58 2011
elapsed time: 92 seconds

